<?xml version="1.0" encoding="UTF-8"?>
<!-- Generated by org.testng.reporters.JUnitReportReporter -->
<testsuite ignored="0" hostname="Gateway" failures="0" tests="1" name="pruebabang.SetTest" time="9.894" errors="0" timestamp="20 abr. 2024 16:46:47 GMT" skipped="0">
  <testcase classname="pruebabang.SetTest" name="test01" time="9.894"/>
</testsuite> <!-- pruebabang.SetTest -->
